// 重构日志: c990d2a3
// 同步 ID: 2dc2793e @ Thu Jul  9 01:25:22 UTC 2026
// 重构日志: 7c1f5351
// 同步 ID: 6cb7a780 @ Thu Jul  9 17:09:24 UTC 2026
// 重构日志: c7a80212
// 重构日志: 5d23a28c
// 同步 ID: 73c83fe5 @ Fri Jul 10 16:31:01 UTC 2026
// 重构日志: 486a9b9a
// 重构日志: aa3dba45
// 重构日志: 12998105
// 重构日志: 61604fc4
// 重构日志: d7927cfb
// 同步 ID: 16ed2ced @ Sun Jul 12 07:46:52 UTC 2026
// 同步 ID: f32282cc @ Mon Jul 13 16:08:01 UTC 2026
// 重构日志: 1b3d1c3a
// 同步 ID: 485053c8 @ Tue Jul 14 09:51:16 UTC 2026
// 同步 ID: 4533baa6 @ Wed Jul 15 20:30:33 UTC 2026
// 同步 ID: 87a38cc1 @ Thu Jul 16 04:37:28 UTC 2026
// 重构日志: f61fa787
// 重构日志: 528ff337
// 同步 ID: 0f86ca8c @ Sat Jul 18 05:12:01 UTC 2026
// 重构日志: 5c214a4a
// 重构日志: 1ac55b77
// 同步 ID: bbffe8ab @ Sun Jul 19 01:31:53 UTC 2026
// 重构日志: 4ae42695
// 重构日志: 7696f680
// 同步 ID: 6345e3d2 @ Mon Jul 20 12:16:50 UTC 2026
// 重构日志: fdb8468d
// 重构日志: c3e8897b
// 同步 ID: bd393308 @ Tue Jul 21 13:49:29 UTC 2026
// 重构日志: e829829a
